<?xml version="1.0" encoding="UTF-8"?>
<!-- Generated by org.testng.reporters.JUnitXMLReporter -->
<testsuite hostname="SVRB1V1" ignored="0" name="District Configuration Scenarios Scenarios" tests="4" failures="0" timestamp="30 Dec 2020 07:05:15 GMT" time="107.665" errors="0">
  <testcase name="VerifyDistrictCofiguration" time="41.057" classname="PPASTestScenario.ConfigurationofDistrict"/>
  <testcase name="AddDistrictConfigurationFunctionality" time="18.878" classname="PPASTestScenario.ConfigurationofDistrict"/>
  <testcase name="ViewAndEditDistrictConfigurationFunctionality" time="15.143" classname="PPASTestScenario.ConfigurationofDistrict"/>
  <testcase name="VerifyDistrictCofigurationDuplicity" time="32.586" classname="PPASTestScenario.ConfigurationofDistrict"/>
</testsuite> <!-- District Configuration Scenarios Scenarios -->
