<?xml version="1.0" encoding="UTF-8"?>
<!-- Generated by org.testng.reporters.JUnitXMLReporter -->
<testsuite hostname="SVRB1V1" ignored="0" name="State Configuration Scenarios" tests="4" failures="0" timestamp="30 Dec 2020 07:03:27 GMT" time="69.689" errors="0">
  <testcase name="VerifyredirectiontoConfigurationpage" time="24.239" classname="PPASTestScenario.ConfigurationofState"/>
  <testcase name="AddStateConfigurationFunctionality" time="18.828" classname="PPASTestScenario.ConfigurationofState"/>
  <testcase name="ViewAddedStateConfigurationFunctionality" time="1.77" classname="PPASTestScenario.ConfigurationofState"/>
  <testcase name="VerifyStateCofigurationDuplicity" time="24.817" classname="PPASTestScenario.ConfigurationofState"/>
</testsuite> <!-- State Configuration Scenarios -->
