<?xml version="1.0" encoding="UTF-8"?>
<!-- Generated by org.testng.reporters.JUnitXMLReporter -->
<testsuite hostname="SVRB1V1" name="TargetDistributionProcess Scenarios" tests="3" failures="0" timestamp="15 Oct 2020 05:37:35 GMT" time="42.939" errors="0">
  <testcase name="@AfterTest finishExtentReport" time="0.0" classname="PPASTestScenario.TargetDistributionProcess">
    <failure type="java.lang.NullPointerException">
      <![CDATA[java.lang.NullPointerException
	at PPASTestScenario.TargetDistributionProcess.finishExtentReport(TargetDistributionProcess.java:90)
... Removed 22 stack frames]]>
    </failure>
  </testcase> <!-- @AfterTest finishExtentReport -->
  <testcase name="RedirectionofViewMillerTarget" time="24.483" classname="PPASTestScenario.TargetDistributionProcess"/>
  <testcase name="MillerTargetDistributionFunctionality" time="8.639" classname="PPASTestScenario.TargetDistributionProcess"/>
  <testcase name="VerifyTargetMillerQuantity" time="9.811" classname="PPASTestScenario.TargetDistributionProcess"/>
</testsuite> <!-- TargetDistributionProcess Scenarios -->
